Determining if the pthread_create exist failed with the following output:
Change Dir: /home/cracker/workspace/Build/UAV/Beta/build/CMakeFiles/CMakeTmp

Run Build Command:/usr/bin/make "cmTryCompileExec3729857282/fast"
/usr/bin/make -f CMakeFiles/cmTryCompileExec3729857282.dir/build.make CMakeFiles/cmTryCompileExec3729857282.dir/build
make[1]: Entering directory '/home/cracker/workspace/Build/UAV/Beta/build/CMakeFiles/CMakeTmp'
/usr/bin/cmake -E cmake_progress_report /home/cracker/workspace/Build/UAV/Beta/build/CMakeFiles/CMakeTmp/CMakeFiles 1
Building C object CMakeFiles/cmTryCompileExec3729857282.dir/CheckSymbolExists.c.o
/usr/bin/cc    -o CMakeFiles/cmTryCompileExec3729857282.dir/CheckSymbolExists.c.o   -c /home/cracker/workspace/Build/UAV/Beta/build/CMakeFiles/CMakeTmp/CheckSymbolExists.c
Linking C executable cmTryCompileExec3729857282
/usr/bin/cmake -E cmake_link_script CMakeFiles/cmTryCompileExec3729857282.dir/link.txt --verbose=1
/usr/bin/cc       CMakeFiles/cmTryCompileExec3729857282.dir/CheckSymbolExists.c.o  -o cmTryCompileExec3729857282 -rdynamic 
CMakeFiles/cmTryCompileExec3729857282.dir/CheckSymbolExists.c.o: In function `main':
CheckSymbolExists.c:(.text+0x16): undefined reference to `pthread_create'
collect2: error: ld returned 1 exit status
CMakeFiles/cmTryCompileExec3729857282.dir/build.make:88: recipe for target 'cmTryCompileExec3729857282' failed
make[1]: *** [cmTryCompileExec3729857282] Error 1
make[1]: Leaving directory '/home/cracker/workspace/Build/UAV/Beta/build/CMakeFiles/CMakeTmp'
Makefile:114: recipe for target 'cmTryCompileExec3729857282/fast' failed
make: *** [cmTryCompileExec3729857282/fast] Error 2

File /home/cracker/workspace/Build/UAV/Beta/build/CMakeFiles/CMakeTmp/CheckSymbolExists.c:
/* */
#include <pthread.h>

int main(int argc, char** argv)
{
  (void)argv;
#ifndef pthread_create
  return ((int*)(&pthread_create))[argc];
#else
  (void)argc;
  return 0;
#endif
}

Determining if the function pthread_create exists in the pthreads failed with the following output:
Change Dir: /home/cracker/workspace/Build/UAV/Beta/build/CMakeFiles/CMakeTmp

Run Build Command:/usr/bin/make "cmTryCompileExec4022069364/fast"
/usr/bin/make -f CMakeFiles/cmTryCompileExec4022069364.dir/build.make CMakeFiles/cmTryCompileExec4022069364.dir/build
make[1]: Entering directory '/home/cracker/workspace/Build/UAV/Beta/build/CMakeFiles/CMakeTmp'
/usr/bin/cmake -E cmake_progress_report /home/cracker/workspace/Build/UAV/Beta/build/CMakeFiles/CMakeTmp/CMakeFiles 1
Building C object CMakeFiles/cmTryCompileExec4022069364.dir/CheckFunctionExists.c.o
/usr/bin/cc   -DCHECK_FUNCTION_EXISTS=pthread_create   -o CMakeFiles/cmTryCompileExec4022069364.dir/CheckFunctionExists.c.o   -c /usr/share/cmake-2.8/Modules/CheckFunctionExists.c
Linking C executable cmTryCompileExec4022069364
/usr/bin/cmake -E cmake_link_script CMakeFiles/cmTryCompileExec4022069364.dir/link.txt --verbose=1
/usr/bin/cc   -DCHECK_FUNCTION_EXISTS=pthread_create    CMakeFiles/cmTryCompileExec4022069364.dir/CheckFunctionExists.c.o  -o cmTryCompileExec4022069364 -rdynamic -lpthreads 
/usr/bin/ld: cannot find -lpthreads
collect2: error: ld returned 1 exit status
CMakeFiles/cmTryCompileExec4022069364.dir/build.make:88: recipe for target 'cmTryCompileExec4022069364' failed
make[1]: *** [cmTryCompileExec4022069364] Error 1
make[1]: Leaving directory '/home/cracker/workspace/Build/UAV/Beta/build/CMakeFiles/CMakeTmp'
Makefile:114: recipe for target 'cmTryCompileExec4022069364/fast' failed
make: *** [cmTryCompileExec4022069364/fast] Error 2


