Determining if the pthread_create exist failed with the following output:
Change Dir: /home/cracker/workspace/build/CMakeFiles/CMakeTmp

Run Build Command:/usr/bin/make "cmTryCompileExec2676740002/fast"
/usr/bin/make -f CMakeFiles/cmTryCompileExec2676740002.dir/build.make CMakeFiles/cmTryCompileExec2676740002.dir/build
make[1]: Entering directory `/home/cracker/workspace/build/CMakeFiles/CMakeTmp'
/usr/bin/cmake -E cmake_progress_report /home/cracker/workspace/build/CMakeFiles/CMakeTmp/CMakeFiles 1
Building C object CMakeFiles/cmTryCompileExec2676740002.dir/CheckSymbolExists.c.o
/usr/bin/cc    -o CMakeFiles/cmTryCompileExec2676740002.dir/CheckSymbolExists.c.o   -c /home/cracker/workspace/build/CMakeFiles/CMakeTmp/CheckSymbolExists.c
Linking C executable cmTryCompileExec2676740002
/usr/bin/cmake -E cmake_link_script CMakeFiles/cmTryCompileExec2676740002.dir/link.txt --verbose=1
/usr/bin/cc       CMakeFiles/cmTryCompileExec2676740002.dir/CheckSymbolExists.c.o  -o cmTryCompileExec2676740002 -rdynamic 
CMakeFiles/cmTryCompileExec2676740002.dir/CheckSymbolExists.c.o: In function `main':
CheckSymbolExists.c:(.text+0x16): undefined reference to `pthread_create'
collect2: error: ld returned 1 exit status
make[1]: *** [cmTryCompileExec2676740002] Error 1
make[1]: Leaving directory `/home/cracker/workspace/build/CMakeFiles/CMakeTmp'
make: *** [cmTryCompileExec2676740002/fast] Error 2

File /home/cracker/workspace/build/CMakeFiles/CMakeTmp/CheckSymbolExists.c:
/* */
#include <pthread.h>

int main(int argc, char** argv)
{
  (void)argv;
#ifndef pthread_create
  return ((int*)(&pthread_create))[argc];
#else
  (void)argc;
  return 0;
#endif
}

Determining if the function pthread_create exists in the pthreads failed with the following output:
Change Dir: /home/cracker/workspace/build/CMakeFiles/CMakeTmp

Run Build Command:/usr/bin/make "cmTryCompileExec2313133327/fast"
/usr/bin/make -f CMakeFiles/cmTryCompileExec2313133327.dir/build.make CMakeFiles/cmTryCompileExec2313133327.dir/build
make[1]: Entering directory `/home/cracker/workspace/build/CMakeFiles/CMakeTmp'
/usr/bin/cmake -E cmake_progress_report /home/cracker/workspace/build/CMakeFiles/CMakeTmp/CMakeFiles 1
Building C object CMakeFiles/cmTryCompileExec2313133327.dir/CheckFunctionExists.c.o
/usr/bin/cc   -DCHECK_FUNCTION_EXISTS=pthread_create   -o CMakeFiles/cmTryCompileExec2313133327.dir/CheckFunctionExists.c.o   -c /usr/share/cmake-2.8/Modules/CheckFunctionExists.c
Linking C executable cmTryCompileExec2313133327
/usr/bin/cmake -E cmake_link_script CMakeFiles/cmTryCompileExec2313133327.dir/link.txt --verbose=1
/usr/bin/cc   -DCHECK_FUNCTION_EXISTS=pthread_create    CMakeFiles/cmTryCompileExec2313133327.dir/CheckFunctionExists.c.o  -o cmTryCompileExec2313133327 -rdynamic -lpthreads 
/usr/bin/ld: cannot find -lpthreads
collect2: error: ld returned 1 exit status
make[1]: Leaving directory `/home/cracker/workspace/build/CMakeFiles/CMakeTmp'
make[1]: *** [cmTryCompileExec2313133327] Error 1
make: *** [cmTryCompileExec2313133327/fast] Error 2


Determining if the Q_WS_WIN exist failed with the following output:
Change Dir: /home/cracker/workspace/build/CMakeFiles/CMakeTmp

Run Build Command:/usr/bin/make "cmTryCompileExec3154790804/fast"
/usr/bin/make -f CMakeFiles/cmTryCompileExec3154790804.dir/build.make CMakeFiles/cmTryCompileExec3154790804.dir/build
make[1]: Entering directory `/home/cracker/workspace/build/CMakeFiles/CMakeTmp'
/usr/bin/cmake -E cmake_progress_report /home/cracker/workspace/build/CMakeFiles/CMakeTmp/CMakeFiles 1
Building CXX object CMakeFiles/cmTryCompileExec3154790804.dir/CheckSymbolExists.cxx.o
/usr/bin/c++    -I/usr/include/qt4    -o CMakeFiles/cmTryCompileExec3154790804.dir/CheckSymbolExists.cxx.o -c /home/cracker/workspace/build/CMakeFiles/CMakeTmp/CheckSymbolExists.cxx
/home/cracker/workspace/build/CMakeFiles/CMakeTmp/CheckSymbolExists.cxx: In function ‘int main(int, char**)’:
/home/cracker/workspace/build/CMakeFiles/CMakeTmp/CheckSymbolExists.cxx:8:19: error: ‘Q_WS_WIN’ was not declared in this scope
   return ((int*)(&Q_WS_WIN))[argc];
                   ^
make[1]: Leaving directory `/home/cracker/workspace/build/CMakeFiles/CMakeTmp'
make[1]: *** [CMakeFiles/cmTryCompileExec3154790804.dir/CheckSymbolExists.cxx.o] Error 1
make: *** [cmTryCompileExec3154790804/fast] Error 2

File /home/cracker/workspace/build/CMakeFiles/CMakeTmp/CheckSymbolExists.cxx:
/* */
#include <QtCore/qglobal.h>

int main(int argc, char** argv)
{
  (void)argv;
#ifndef Q_WS_WIN
  return ((int*)(&Q_WS_WIN))[argc];
#else
  (void)argc;
  return 0;
#endif
}

Determining if the Q_WS_QWS exist failed with the following output:
Change Dir: /home/cracker/workspace/build/CMakeFiles/CMakeTmp

Run Build Command:/usr/bin/make "cmTryCompileExec4061527289/fast"
/usr/bin/make -f CMakeFiles/cmTryCompileExec4061527289.dir/build.make CMakeFiles/cmTryCompileExec4061527289.dir/build
make[1]: Entering directory `/home/cracker/workspace/build/CMakeFiles/CMakeTmp'
/usr/bin/cmake -E cmake_progress_report /home/cracker/workspace/build/CMakeFiles/CMakeTmp/CMakeFiles 1
Building CXX object CMakeFiles/cmTryCompileExec4061527289.dir/CheckSymbolExists.cxx.o
/usr/bin/c++    -I/usr/include/qt4    -o CMakeFiles/cmTryCompileExec4061527289.dir/CheckSymbolExists.cxx.o -c /home/cracker/workspace/build/CMakeFiles/CMakeTmp/CheckSymbolExists.cxx
/home/cracker/workspace/build/CMakeFiles/CMakeTmp/CheckSymbolExists.cxx: In function ‘int main(int, char**)’:
/home/cracker/workspace/build/CMakeFiles/CMakeTmp/CheckSymbolExists.cxx:8:19: error: ‘Q_WS_QWS’ was not declared in this scope
   return ((int*)(&Q_WS_QWS))[argc];
                   ^
make[1]: *** [CMakeFiles/cmTryCompileExec4061527289.dir/CheckSymbolExists.cxx.o] Error 1
make[1]: Leaving directory `/home/cracker/workspace/build/CMakeFiles/CMakeTmp'
make: *** [cmTryCompileExec4061527289/fast] Error 2

File /home/cracker/workspace/build/CMakeFiles/CMakeTmp/CheckSymbolExists.cxx:
/* */
#include <QtCore/qglobal.h>

int main(int argc, char** argv)
{
  (void)argv;
#ifndef Q_WS_QWS
  return ((int*)(&Q_WS_QWS))[argc];
#else
  (void)argc;
  return 0;
#endif
}

Determining if the Q_WS_MAC exist failed with the following output:
Change Dir: /home/cracker/workspace/build/CMakeFiles/CMakeTmp

Run Build Command:/usr/bin/make "cmTryCompileExec4114035094/fast"
/usr/bin/make -f CMakeFiles/cmTryCompileExec4114035094.dir/build.make CMakeFiles/cmTryCompileExec4114035094.dir/build
make[1]: Entering directory `/home/cracker/workspace/build/CMakeFiles/CMakeTmp'
/usr/bin/cmake -E cmake_progress_report /home/cracker/workspace/build/CMakeFiles/CMakeTmp/CMakeFiles 1
Building CXX object CMakeFiles/cmTryCompileExec4114035094.dir/CheckSymbolExists.cxx.o
/usr/bin/c++    -I/usr/include/qt4    -o CMakeFiles/cmTryCompileExec4114035094.dir/CheckSymbolExists.cxx.o -c /home/cracker/workspace/build/CMakeFiles/CMakeTmp/CheckSymbolExists.cxx
/home/cracker/workspace/build/CMakeFiles/CMakeTmp/CheckSymbolExists.cxx: In function ‘int main(int, char**)’:
/home/cracker/workspace/build/CMakeFiles/CMakeTmp/CheckSymbolExists.cxx:8:19: error: ‘Q_WS_MAC’ was not declared in this scope
   return ((int*)(&Q_WS_MAC))[argc];
                   ^
make[1]: *** [CMakeFiles/cmTryCompileExec4114035094.dir/CheckSymbolExists.cxx.o] Error 1
make[1]: Leaving directory `/home/cracker/workspace/build/CMakeFiles/CMakeTmp'
make: *** [cmTryCompileExec4114035094/fast] Error 2

File /home/cracker/workspace/build/CMakeFiles/CMakeTmp/CheckSymbolExists.cxx:
/* */
#include <QtCore/qglobal.h>

int main(int argc, char** argv)
{
  (void)argv;
#ifndef Q_WS_MAC
  return ((int*)(&Q_WS_MAC))[argc];
#else
  (void)argc;
  return 0;
#endif
}

Determining if the function trunc exists failed with the following output:
Change Dir: /home/cracker/workspace/build/CMakeFiles/CMakeTmp

Run Build Command:/usr/bin/make "cmTryCompileExec2502171977/fast"
/usr/bin/make -f CMakeFiles/cmTryCompileExec2502171977.dir/build.make CMakeFiles/cmTryCompileExec2502171977.dir/build
make[1]: Entering directory `/home/cracker/workspace/build/CMakeFiles/CMakeTmp'
/usr/bin/cmake -E cmake_progress_report /home/cracker/workspace/build/CMakeFiles/CMakeTmp/CMakeFiles 1
Building C object CMakeFiles/cmTryCompileExec2502171977.dir/CheckFunctionExists.c.o
/usr/bin/cc   -DCHECK_FUNCTION_EXISTS=trunc   -o CMakeFiles/cmTryCompileExec2502171977.dir/CheckFunctionExists.c.o   -c /usr/share/cmake-2.8/Modules/CheckFunctionExists.c
<command-line>:0:23: warning: conflicting types for built-in function ‘trunc’ [enabled by default]
/usr/share/cmake-2.8/Modules/CheckFunctionExists.c:3:6: note: in expansion of macro ‘CHECK_FUNCTION_EXISTS’
 char CHECK_FUNCTION_EXISTS();
      ^
Linking C executable cmTryCompileExec2502171977
/usr/bin/cmake -E cmake_link_script CMakeFiles/cmTryCompileExec2502171977.dir/link.txt --verbose=1
/usr/bin/cc   -DCHECK_FUNCTION_EXISTS=trunc    CMakeFiles/cmTryCompileExec2502171977.dir/CheckFunctionExists.c.o  -o cmTryCompileExec2502171977 -rdynamic 
CMakeFiles/cmTryCompileExec2502171977.dir/CheckFunctionExists.c.o: In function `main':
CheckFunctionExists.c:(.text+0x15): undefined reference to `trunc'
collect2: error: ld returned 1 exit status
make[1]: Leaving directory `/home/cracker/workspace/build/CMakeFiles/CMakeTmp'
make[1]: *** [cmTryCompileExec2502171977] Error 1
make: *** [cmTryCompileExec2502171977/fast] Error 2


